<?xml version="1.0" encoding="UTF-8"?>
<coverage generated="1638525271221" clover="3.2.0">
  <project timestamp="1638525271221" name="All files">
    <metrics statements="87" coveredstatements="87" conditionals="17" coveredconditionals="17" methods="53" coveredmethods="53" elements="157" coveredelements="157" complexity="0" loc="87" ncloc="87" packages="7" files="21" classes="21"/>
    <package name="algorithms_and_functional_programming">
      <metrics statements="20" coveredstatements="20" conditionals="0" coveredconditionals="0" methods="13" coveredmethods="13"/>
      <file name="add.ts" path="/home/ominouzzzz/Documents/projects/tasks/src/algorithms_and_functional_programming/add.ts">
        <metrics statements="3" coveredstatements="3" conditionals="0" coveredconditionals="0" methods="2" coveredmethods="2"/>
        <line num="1" count="1" type="stmt"/>
        <line num="2" count="1" type="stmt"/>
        <line num="3" count="1" type="stmt"/>
      </file>
      <file name="compose.ts" path="/home/ominouzzzz/Documents/projects/tasks/src/algorithms_and_functional_programming/compose.ts">
        <metrics statements="2" coveredstatements="2" conditionals="0" coveredconditionals="0" methods="3" coveredmethods="3"/>
        <line num="1" count="5" type="stmt"/>
        <line num="2" count="2" type="stmt"/>
      </file>
      <file name="flattenAndSort.ts" path="/home/ominouzzzz/Documents/projects/tasks/src/algorithms_and_functional_programming/flattenAndSort.ts">
        <metrics statements="2" coveredstatements="2" conditionals="0" coveredconditionals="0" methods="1" coveredmethods="1"/>
        <line num="4" count="1" type="stmt"/>
        <line num="5" count="1" type="stmt"/>
      </file>
      <file name="multiplyAll.ts" path="/home/ominouzzzz/Documents/projects/tasks/src/algorithms_and_functional_programming/multiplyAll.ts">
        <metrics statements="4" coveredstatements="4" conditionals="0" coveredconditionals="0" methods="3" coveredmethods="3"/>
        <line num="1" count="1" type="stmt"/>
        <line num="2" count="1" type="stmt"/>
        <line num="3" count="1" type="stmt"/>
        <line num="4" count="6" type="stmt"/>
      </file>
      <file name="reduce.ts" path="/home/ominouzzzz/Documents/projects/tasks/src/algorithms_and_functional_programming/reduce.ts">
        <metrics statements="5" coveredstatements="5" conditionals="0" coveredconditionals="0" methods="2" coveredmethods="2"/>
        <line num="1" count="1" type="stmt"/>
        <line num="6" count="2" type="stmt"/>
        <line num="7" count="2" type="stmt"/>
        <line num="8" count="7" type="stmt"/>
        <line num="10" count="2" type="stmt"/>
      </file>
      <file name="uniqueSum.ts" path="/home/ominouzzzz/Documents/projects/tasks/src/algorithms_and_functional_programming/uniqueSum.ts">
        <metrics statements="4" coveredstatements="4" conditionals="0" coveredconditionals="0" methods="2" coveredmethods="2"/>
        <line num="1" count="1" type="stmt"/>
        <line num="2" count="1" type="stmt"/>
        <line num="3" count="1" type="stmt"/>
        <line num="4" count="4" type="stmt"/>
      </file>
    </package>
    <package name="array_functions">
      <metrics statements="20" coveredstatements="20" conditionals="2" coveredconditionals="2" methods="15" coveredmethods="15"/>
      <file name="arithmeticSequenceSum.ts" path="/home/ominouzzzz/Documents/projects/tasks/src/array_functions/arithmeticSequenceSum.ts">
        <metrics statements="3" coveredstatements="3" conditionals="0" coveredconditionals="0" methods="2" coveredmethods="2"/>
        <line num="1" count="1" type="stmt"/>
        <line num="2" count="1" type="stmt"/>
        <line num="4" count="4" type="stmt"/>
      </file>
      <file name="biggest.ts" path="/home/ominouzzzz/Documents/projects/tasks/src/array_functions/biggest.ts">
        <metrics statements="4" coveredstatements="4" conditionals="2" coveredconditionals="2" methods="3" coveredmethods="3"/>
        <line num="1" count="1" type="stmt"/>
        <line num="2" count="2" type="stmt"/>
        <line num="4" count="5" type="stmt"/>
        <line num="5" count="9" type="stmt"/>
      </file>
      <file name="maxTripletSum.ts" path="/home/ominouzzzz/Documents/projects/tasks/src/array_functions/maxTripletSum.ts">
        <metrics statements="5" coveredstatements="5" conditionals="0" coveredconditionals="0" methods="3" coveredmethods="3"/>
        <line num="1" count="1" type="stmt"/>
        <line num="2" count="1" type="stmt"/>
        <line num="3" count="1" type="stmt"/>
        <line num="4" count="19" type="stmt"/>
        <line num="6" count="2" type="stmt"/>
      </file>
      <file name="patternAmount.ts" path="/home/ominouzzzz/Documents/projects/tasks/src/array_functions/patternAmount.ts">
        <metrics statements="3" coveredstatements="3" conditionals="0" coveredconditionals="0" methods="3" coveredmethods="3"/>
        <line num="1" count="1" type="stmt"/>
        <line num="2" count="1" type="stmt"/>
        <line num="3" count="16" type="stmt"/>
      </file>
      <file name="sumAverage.ts" path="/home/ominouzzzz/Documents/projects/tasks/src/array_functions/sumAverage.ts">
        <metrics statements="5" coveredstatements="5" conditionals="0" coveredconditionals="0" methods="4" coveredmethods="4"/>
        <line num="1" count="1" type="stmt"/>
        <line num="2" count="1" type="stmt"/>
        <line num="4" count="7" type="stmt"/>
        <line num="6" count="2" type="stmt"/>
        <line num="7" count="1" type="stmt"/>
      </file>
    </package>
    <package name="classes_and_patterns">
      <metrics statements="6" coveredstatements="6" conditionals="1" coveredconditionals="1" methods="3" coveredmethods="3"/>
      <file name="Singleton.ts" path="/home/ominouzzzz/Documents/projects/tasks/src/classes_and_patterns/Singleton.ts">
        <metrics statements="6" coveredstatements="6" conditionals="1" coveredconditionals="1" methods="3" coveredmethods="3"/>
        <line num="1" count="1" type="stmt"/>
        <line num="5" count="1" type="stmt"/>
        <line num="6" count="3" type="cond" truecount="1" falsecount="0"/>
        <line num="7" count="1" type="stmt"/>
        <line num="9" count="3" type="stmt"/>
        <line num="11" count="1" type="stmt"/>
      </file>
    </package>
    <package name="higher_order_functions">
      <metrics statements="4" coveredstatements="4" conditionals="0" coveredconditionals="0" methods="3" coveredmethods="3"/>
      <file name="spread.ts" path="/home/ominouzzzz/Documents/projects/tasks/src/higher_order_functions/spread.ts">
        <metrics statements="2" coveredstatements="2" conditionals="0" coveredconditionals="0" methods="1" coveredmethods="1"/>
        <line num="1" count="1" type="stmt"/>
        <line num="2" count="1" type="stmt"/>
      </file>
      <file name="zipWith.ts" path="/home/ominouzzzz/Documents/projects/tasks/src/higher_order_functions/zipWith.ts">
        <metrics statements="2" coveredstatements="2" conditionals="0" coveredconditionals="0" methods="2" coveredmethods="2"/>
        <line num="1" count="1" type="stmt"/>
        <line num="5" count="4" type="stmt"/>
      </file>
    </package>
    <package name="recursion">
      <metrics statements="15" coveredstatements="15" conditionals="9" coveredconditionals="9" methods="4" coveredmethods="4"/>
      <file name="sequenceSum.ts" path="/home/ominouzzzz/Documents/projects/tasks/src/recursion/sequenceSum.ts">
        <metrics statements="7" coveredstatements="7" conditionals="6" coveredconditionals="6" methods="1" coveredmethods="1"/>
        <line num="1" count="1" type="stmt"/>
        <line num="2" count="5" type="cond" truecount="2" falsecount="0"/>
        <line num="3" count="1" type="stmt"/>
        <line num="4" count="4" type="cond" truecount="4" falsecount="0"/>
        <line num="5" count="2" type="stmt"/>
        <line num="7" count="2" type="stmt"/>
        <line num="8" count="2" type="stmt"/>
      </file>
      <file name="stringify.ts" path="/home/ominouzzzz/Documents/projects/tasks/src/recursion/stringify.ts">
        <metrics statements="8" coveredstatements="8" conditionals="3" coveredconditionals="3" methods="3" coveredmethods="3"/>
        <line num="1" count="1" type="stmt"/>
        <line num="5" count="6" type="cond" truecount="1" falsecount="0"/>
        <line num="6" count="5" type="stmt"/>
        <line num="7" count="5" type="stmt"/>
        <line num="9" count="1" type="stmt"/>
        <line num="11" count="1" type="stmt"/>
        <line num="12" count="7" type="cond" truecount="2" falsecount="0"/>
        <line num="13" count="7" type="stmt"/>
      </file>
    </package>
    <package name="sorting">
      <metrics statements="4" coveredstatements="4" conditionals="0" coveredconditionals="0" methods="4" coveredmethods="4"/>
      <file name="arrayOfObjectSorting.ts" path="/home/ominouzzzz/Documents/projects/tasks/src/sorting/arrayOfObjectSorting.ts">
        <metrics statements="4" coveredstatements="4" conditionals="0" coveredconditionals="0" methods="4" coveredmethods="4"/>
        <line num="1" count="1" type="stmt"/>
        <line num="2" count="8" type="stmt"/>
        <line num="3" count="8" type="stmt"/>
        <line num="4" count="8" type="stmt"/>
      </file>
    </package>
    <package name="string_functions">
      <metrics statements="18" coveredstatements="18" conditionals="5" coveredconditionals="5" methods="11" coveredmethods="11"/>
      <file name="alphabetized.ts" path="/home/ominouzzzz/Documents/projects/tasks/src/string_functions/alphabetized.ts">
        <metrics statements="6" coveredstatements="6" conditionals="2" coveredconditionals="2" methods="5" coveredmethods="5"/>
        <line num="1" count="1" type="stmt"/>
        <line num="2" count="1" type="stmt"/>
        <line num="7" count="12" type="cond" truecount="2" falsecount="0"/>
        <line num="8" count="96" type="stmt"/>
        <line num="12" count="8" type="stmt"/>
        <line num="13" count="15" type="stmt"/>
      </file>
      <file name="countDuplicates.ts" path="/home/ominouzzzz/Documents/projects/tasks/src/string_functions/countDuplicates.ts">
        <metrics statements="2" coveredstatements="2" conditionals="2" coveredconditionals="2" methods="1" coveredmethods="1"/>
        <line num="1" count="1" type="stmt"/>
        <line num="2" count="2" type="stmt"/>
      </file>
      <file name="romanToNumber.ts" path="/home/ominouzzzz/Documents/projects/tasks/src/string_functions/romanToNumber.ts">
        <metrics statements="6" coveredstatements="6" conditionals="1" coveredconditionals="1" methods="3" coveredmethods="3"/>
        <line num="1" count="1" type="stmt"/>
        <line num="2" count="2" type="stmt"/>
        <line num="11" count="5" type="stmt"/>
        <line num="12" count="2" type="stmt"/>
        <line num="13" count="5" type="cond" truecount="1" falsecount="0"/>
        <line num="14" count="4" type="stmt"/>
      </file>
      <file name="toMachineName.ts" path="/home/ominouzzzz/Documents/projects/tasks/src/string_functions/toMachineName.ts">
        <metrics statements="4" coveredstatements="4" conditionals="0" coveredconditionals="0" methods="2" coveredmethods="2"/>
        <line num="1" count="1" type="stmt"/>
        <line num="2" count="2" type="stmt"/>
        <line num="3" count="2" type="stmt"/>
        <line num="5" count="25" type="stmt"/>
      </file>
    </package>
  </project>
</coverage>
