{"/home/ominouzzzz/Documents/projects/tasks/src/algorithms_and_functional_programming/add.ts": {"path":"/home/ominouzzzz/Documents/projects/tasks/src/algorithms_and_functional_programming/add.ts","statementMap":{"0":{"start":{"line":2,"column":2},"end":{"line":4,"column":null}},"1":{"start":{"line":3,"column":4},"end":{"line":3,"column":null}},"2":{"start":{"line":1,"column":0},"end":{"line":1,"column":16}}},"fnMap":{"0":{"name":"add","decl":{"start":{"line":1,"column":16},"end":{"line":1,"column":19}},"loc":{"start":{"line":1,"column":29},"end":{"line":5,"column":1}}},"1":{"name":"(anonymous_1)","decl":{"start":{"line":2,"column":9},"end":{"line":2,"column":19}},"loc":{"start":{"line":2,"column":20},"end":{"line":4,"column":3}}}},"branchMap":{},"s":{"0":1,"1":1,"2":1},"f":{"0":1,"1":1},"b":{}}
,"/home/ominouzzzz/Documents/projects/tasks/src/algorithms_and_functional_programming/compose.ts": {"path":"/home/ominouzzzz/Documents/projects/tasks/src/algorithms_and_functional_programming/compose.ts","statementMap":{"0":{"start":{"line":1,"column":23},"end":{"line":2,"column":5}},"1":{"start":{"line":1,"column":24},"end":{"line":1,"column":62}},"2":{"start":{"line":2,"column":2},"end":{"line":2,"column":null}},"3":{"start":{"line":2,"column":23},"end":{"line":2,"column":50}},"4":{"start":{"line":2,"column":40},"end":{"line":2,"column":50}},"5":{"start":{"line":1,"column":13},"end":{"line":1,"column":23}}},"fnMap":{"0":{"name":"(anonymous_0)","decl":{"start":{"line":1,"column":23},"end":{"line":1,"column":24}},"loc":{"start":{"line":1,"column":23},"end":{"line":2,"column":5}}},"1":{"name":"(anonymous_1)","decl":{"start":{"line":2,"column":13},"end":{"line":2,"column":14}},"loc":{"start":{"line":2,"column":18},"end":{"line":2,"column":24}}},"2":{"name":"(anonymous_2)","decl":{"start":{"line":2,"column":23},"end":{"line":2,"column":24}},"loc":{"start":{"line":2,"column":35},"end":{"line":2,"column":41}}}},"branchMap":{},"s":{"0":1,"1":5,"2":1,"3":2,"4":2,"5":1},"f":{"0":1,"1":2,"2":2},"b":{}}
,"/home/ominouzzzz/Documents/projects/tasks/src/algorithms_and_functional_programming/flattenAndSort.ts": {"path":"/home/ominouzzzz/Documents/projects/tasks/src/algorithms_and_functional_programming/flattenAndSort.ts","statementMap":{"0":{"start":{"line":5,"column":2},"end":{"line":5,"column":null}},"1":{"start":{"line":4,"column":0},"end":{"line":4,"column":16}}},"fnMap":{"0":{"name":"flattenAndSort","decl":{"start":{"line":4,"column":16},"end":{"line":4,"column":30}},"loc":{"start":{"line":4,"column":56},"end":{"line":6,"column":1}}}},"branchMap":{},"s":{"0":1,"1":1},"f":{"0":1},"b":{}}
,"/home/ominouzzzz/Documents/projects/tasks/src/algorithms_and_functional_programming/multiplyAll.ts": {"path":"/home/ominouzzzz/Documents/projects/tasks/src/algorithms_and_functional_programming/multiplyAll.ts","statementMap":{"0":{"start":{"line":2,"column":2},"end":{"line":6,"column":null}},"1":{"start":{"line":3,"column":4},"end":{"line":5,"column":null}},"2":{"start":{"line":4,"column":6},"end":{"line":4,"column":null}},"3":{"start":{"line":1,"column":0},"end":{"line":1,"column":16}}},"fnMap":{"0":{"name":"multiplyAll","decl":{"start":{"line":1,"column":16},"end":{"line":1,"column":27}},"loc":{"start":{"line":1,"column":46},"end":{"line":7,"column":1}}},"1":{"name":"(anonymous_1)","decl":{"start":{"line":2,"column":9},"end":{"line":2,"column":19}},"loc":{"start":{"line":2,"column":29},"end":{"line":6,"column":3}}},"2":{"name":"(anonymous_2)","decl":{"start":{"line":3,"column":19},"end":{"line":3,"column":20}},"loc":{"start":{"line":3,"column":23},"end":{"line":5,"column":5}}}},"branchMap":{},"s":{"0":1,"1":1,"2":6,"3":1},"f":{"0":1,"1":1,"2":6},"b":{}}
,"/home/ominouzzzz/Documents/projects/tasks/src/algorithms_and_functional_programming/reduce.ts": {"path":"/home/ominouzzzz/Documents/projects/tasks/src/algorithms_and_functional_programming/reduce.ts","statementMap":{"0":{"start":{"line":6,"column":14},"end":{"line":6,"column":26}},"1":{"start":{"line":7,"column":17},"end":{"line":9,"column":4}},"2":{"start":{"line":8,"column":4},"end":{"line":8,"column":null}},"3":{"start":{"line":10,"column":2},"end":{"line":10,"column":null}},"4":{"start":{"line":1,"column":0},"end":{"line":1,"column":16}}},"fnMap":{"0":{"name":"reduce","decl":{"start":{"line":1,"column":16},"end":{"line":1,"column":22}},"loc":{"start":{"line":4,"column":17},"end":{"line":11,"column":1}}},"1":{"name":"(anonymous_1)","decl":{"start":{"line":7,"column":25},"end":{"line":7,"column":26}},"loc":{"start":{"line":7,"column":38},"end":{"line":9,"column":3}}}},"branchMap":{},"s":{"0":2,"1":2,"2":7,"3":2,"4":1},"f":{"0":2,"1":7},"b":{}}
,"/home/ominouzzzz/Documents/projects/tasks/src/algorithms_and_functional_programming/uniqueSum.ts": {"path":"/home/ominouzzzz/Documents/projects/tasks/src/algorithms_and_functional_programming/uniqueSum.ts","statementMap":{"0":{"start":{"line":2,"column":8},"end":{"line":2,"column":null}},"1":{"start":{"line":2,"column":22},"end":{"line":2,"column":26}},"2":{"start":{"line":3,"column":2},"end":{"line":5,"column":null}},"3":{"start":{"line":4,"column":4},"end":{"line":4,"column":null}},"4":{"start":{"line":1,"column":0},"end":{"line":1,"column":16}}},"fnMap":{"0":{"name":"uniqueSum","decl":{"start":{"line":1,"column":16},"end":{"line":1,"column":25}},"loc":{"start":{"line":1,"column":44},"end":{"line":6,"column":1}}},"1":{"name":"(anonymous_3)","decl":{"start":{"line":3,"column":32},"end":{"line":3,"column":33}},"loc":{"start":{"line":3,"column":59},"end":{"line":5,"column":3}}}},"branchMap":{},"s":{"0":1,"1":1,"2":1,"3":4,"4":1},"f":{"0":1,"1":4},"b":{}}
,"/home/ominouzzzz/Documents/projects/tasks/src/array_functions/arithmeticSequenceSum.ts": {"path":"/home/ominouzzzz/Documents/projects/tasks/src/array_functions/arithmeticSequenceSum.ts","statementMap":{"0":{"start":{"line":2,"column":2},"end":{"line":4,"column":null}},"1":{"start":{"line":4,"column":27},"end":{"line":4,"column":43}},"2":{"start":{"line":1,"column":0},"end":{"line":1,"column":16}}},"fnMap":{"0":{"name":"arithmeticSequenceSum","decl":{"start":{"line":1,"column":16},"end":{"line":1,"column":37}},"loc":{"start":{"line":1,"column":69},"end":{"line":5,"column":1}}},"1":{"name":"(anonymous_1)","decl":{"start":{"line":4,"column":12},"end":{"line":4,"column":13}},"loc":{"start":{"line":4,"column":22},"end":{"line":4,"column":30}}}},"branchMap":{},"s":{"0":1,"1":4,"2":1},"f":{"0":1,"1":4},"b":{}}
,"/home/ominouzzzz/Documents/projects/tasks/src/array_functions/biggest.ts": {"path":"/home/ominouzzzz/Documents/projects/tasks/src/array_functions/biggest.ts","statementMap":{"0":{"start":{"line":2,"column":2},"end":{"line":8,"column":null}},"1":{"start":{"line":4,"column":20},"end":{"line":4,"column":35}},"2":{"start":{"line":5,"column":32},"end":{"line":5,"column":48}},"3":{"start":{"line":1,"column":0},"end":{"line":1,"column":16}}},"fnMap":{"0":{"name":"biggest","decl":{"start":{"line":1,"column":16},"end":{"line":1,"column":23}},"loc":{"start":{"line":1,"column":43},"end":{"line":9,"column":1}}},"1":{"name":"(anonymous_1)","decl":{"start":{"line":4,"column":11},"end":{"line":4,"column":12}},"loc":{"start":{"line":4,"column":15},"end":{"line":4,"column":23}}},"2":{"name":"(anonymous_2)","decl":{"start":{"line":5,"column":12},"end":{"line":5,"column":13}},"loc":{"start":{"line":5,"column":27},"end":{"line":5,"column":33}}}},"branchMap":{"0":{"loc":{"start":{"line":3,"column":4},"end":{"line":7,"column":32}},"type":"binary-expr","locations":[{"start":{"line":3,"column":4},"end":{"line":7,"column":25}},{"start":{"line":7,"column":29},"end":{"line":7,"column":32}}]}},"s":{"0":2,"1":5,"2":9,"3":1},"f":{"0":2,"1":5,"2":9},"b":{"0":[2,1]}}
,"/home/ominouzzzz/Documents/projects/tasks/src/array_functions/maxTripletSum.ts": {"path":"/home/ominouzzzz/Documents/projects/tasks/src/array_functions/maxTripletSum.ts","statementMap":{"0":{"start":{"line":2,"column":8},"end":{"line":2,"column":null}},"1":{"start":{"line":2,"column":22},"end":{"line":2,"column":26}},"2":{"start":{"line":3,"column":2},"end":{"line":6,"column":null}},"3":{"start":{"line":4,"column":20},"end":{"line":4,"column":26}},"4":{"start":{"line":6,"column":28},"end":{"line":6,"column":40}},"5":{"start":{"line":1,"column":0},"end":{"line":1,"column":16}}},"fnMap":{"0":{"name":"maxTripletSum","decl":{"start":{"line":1,"column":16},"end":{"line":1,"column":29}},"loc":{"start":{"line":1,"column":48},"end":{"line":7,"column":1}}},"1":{"name":"(anonymous_3)","decl":{"start":{"line":4,"column":10},"end":{"line":4,"column":11}},"loc":{"start":{"line":4,"column":15},"end":{"line":4,"column":21}}},"2":{"name":"(anonymous_4)","decl":{"start":{"line":6,"column":12},"end":{"line":6,"column":13}},"loc":{"start":{"line":6,"column":23},"end":{"line":6,"column":31}}}},"branchMap":{},"s":{"0":1,"1":1,"2":1,"3":19,"4":2,"5":1},"f":{"0":1,"1":19,"2":2},"b":{}}
,"/home/ominouzzzz/Documents/projects/tasks/src/array_functions/patternAmount.ts": {"path":"/home/ominouzzzz/Documents/projects/tasks/src/array_functions/patternAmount.ts","statementMap":{"0":{"start":{"line":2,"column":2},"end":{"line":4,"column":null}},"1":{"start":{"line":3,"column":4},"end":{"line":3,"column":null}},"2":{"start":{"line":3,"column":42},"end":{"line":3,"column":62}},"3":{"start":{"line":1,"column":0},"end":{"line":1,"column":16}}},"fnMap":{"0":{"name":"patternAmount","decl":{"start":{"line":1,"column":16},"end":{"line":1,"column":29}},"loc":{"start":{"line":1,"column":41},"end":{"line":5,"column":1}}},"1":{"name":"(anonymous_1)","decl":{"start":{"line":2,"column":37},"end":{"line":2,"column":38}},"loc":{"start":{"line":2,"column":42},"end":{"line":3,"column":9}}},"2":{"name":"(anonymous_2)","decl":{"start":{"line":3,"column":32},"end":{"line":3,"column":33}},"loc":{"start":{"line":3,"column":37},"end":{"line":3,"column":43}}}},"branchMap":{},"s":{"0":1,"1":4,"2":16,"3":1},"f":{"0":1,"1":4,"2":16},"b":{}}
,"/home/ominouzzzz/Documents/projects/tasks/src/array_functions/sumAverage.ts": {"path":"/home/ominouzzzz/Documents/projects/tasks/src/array_functions/sumAverage.ts","statementMap":{"0":{"start":{"line":2,"column":21},"end":{"line":6,"column":40}},"1":{"start":{"line":4,"column":6},"end":{"line":4,"column":null}},"2":{"start":{"line":4,"column":45},"end":{"line":4,"column":57}},"3":{"start":{"line":6,"column":28},"end":{"line":6,"column":40}},"4":{"start":{"line":7,"column":2},"end":{"line":7,"column":null}},"5":{"start":{"line":1,"column":0},"end":{"line":1,"column":16}}},"fnMap":{"0":{"name":"sumAverage","decl":{"start":{"line":1,"column":16},"end":{"line":1,"column":26}},"loc":{"start":{"line":1,"column":52},"end":{"line":8,"column":1}}},"1":{"name":"(anonymous_1)","decl":{"start":{"line":3,"column":9},"end":{"line":3,"column":10}},"loc":{"start":{"line":3,"column":18},"end":{"line":5,"column":5}}},"2":{"name":"(anonymous_2)","decl":{"start":{"line":4,"column":29},"end":{"line":4,"column":30}},"loc":{"start":{"line":4,"column":40},"end":{"line":4,"column":48}}},"3":{"name":"(anonymous_3)","decl":{"start":{"line":6,"column":12},"end":{"line":6,"column":13}},"loc":{"start":{"line":6,"column":23},"end":{"line":6,"column":31}}}},"branchMap":{},"s":{"0":1,"1":3,"2":7,"3":2,"4":1,"5":1},"f":{"0":1,"1":3,"2":7,"3":2},"b":{}}
,"/home/ominouzzzz/Documents/projects/tasks/src/classes_and_patterns/Singleton.ts": {"path":"/home/ominouzzzz/Documents/projects/tasks/src/classes_and_patterns/Singleton.ts","statementMap":{"0":{"start":{"line":1,"column":0},"end":{"line":1,"column":13}},"1":{"start":{"line":5,"column":16},"end":{"line":10,"column":null}},"2":{"start":{"line":6,"column":4},"end":{"line":8,"column":null}},"3":{"start":{"line":7,"column":6},"end":{"line":7,"column":43}},"4":{"start":{"line":9,"column":4},"end":{"line":9,"column":30}},"5":{"start":{"line":11,"column":0},"end":{"line":11,"column":null}},"6":{"start":{"line":1,"column":13},"end":{"line":1,"column":22}}},"fnMap":{"0":{"name":"(anonymous_0)","decl":{"start":{"line":1,"column":0},"end":{"line":1,"column":13}},"loc":{"start":{"line":1,"column":0},"end":{"line":11,"column":null}}},"1":{"name":"Singleton","decl":{"start":{"line":3,"column":2},"end":{"line":3,"column":25}},"loc":{"start":{"line":3,"column":2},"end":{"line":3,"column":26}}},"2":{"name":"(anonymous_2)","decl":{"start":{"line":5,"column":2},"end":{"line":5,"column":16}},"loc":{"start":{"line":5,"column":2},"end":{"line":10,"column":3}}}},"branchMap":{"0":{"loc":{"start":{"line":6,"column":4},"end":{"line":8,"column":null}},"type":"if","locations":[{"start":{"line":6,"column":4},"end":{"line":8,"column":null}}]}},"s":{"0":1,"1":1,"2":3,"3":1,"4":3,"5":1,"6":1},"f":{"0":1,"1":1,"2":3},"b":{"0":[1]}}
,"/home/ominouzzzz/Documents/projects/tasks/src/higher_order_functions/spread.ts": {"path":"/home/ominouzzzz/Documents/projects/tasks/src/higher_order_functions/spread.ts","statementMap":{"0":{"start":{"line":2,"column":2},"end":{"line":2,"column":null}},"1":{"start":{"line":1,"column":0},"end":{"line":1,"column":16}}},"fnMap":{"0":{"name":"spread","decl":{"start":{"line":1,"column":16},"end":{"line":1,"column":22}},"loc":{"start":{"line":1,"column":87},"end":{"line":3,"column":1}}}},"branchMap":{},"s":{"0":1,"1":1},"f":{"0":1},"b":{}}
,"/home/ominouzzzz/Documents/projects/tasks/src/higher_order_functions/zipWith.ts": {"path":"/home/ominouzzzz/Documents/projects/tasks/src/higher_order_functions/zipWith.ts","statementMap":{"0":{"start":{"line":1,"column":23},"end":{"line":5,"column":24}},"1":{"start":{"line":5,"column":20},"end":{"line":5,"column":null}},"2":{"start":{"line":5,"column":65},"end":{"line":5,"column":84}},"3":{"start":{"line":1,"column":13},"end":{"line":1,"column":23}}},"fnMap":{"0":{"name":"(anonymous_0)","decl":{"start":{"line":1,"column":23},"end":{"line":1,"column":null}},"loc":{"start":{"line":4,"column":21},"end":{"line":5,"column":24}}},"1":{"name":"(anonymous_1)","decl":{"start":{"line":5,"column":51},"end":{"line":5,"column":52}},"loc":{"start":{"line":5,"column":60},"end":{"line":5,"column":67}}}},"branchMap":{},"s":{"0":1,"1":1,"2":4,"3":1},"f":{"0":1,"1":4},"b":{}}
,"/home/ominouzzzz/Documents/projects/tasks/src/recursion/sequenceSum.ts": {"path":"/home/ominouzzzz/Documents/projects/tasks/src/recursion/sequenceSum.ts","statementMap":{"0":{"start":{"line":2,"column":2},"end":{"line":9,"column":null}},"1":{"start":{"line":3,"column":4},"end":{"line":3,"column":null}},"2":{"start":{"line":4,"column":9},"end":{"line":9,"column":null}},"3":{"start":{"line":5,"column":4},"end":{"line":5,"column":null}},"4":{"start":{"line":7,"column":27},"end":{"line":7,"column":71}},"5":{"start":{"line":8,"column":4},"end":{"line":8,"column":null}},"6":{"start":{"line":1,"column":0},"end":{"line":1,"column":16}}},"fnMap":{"0":{"name":"sequenceSum","decl":{"start":{"line":1,"column":16},"end":{"line":1,"column":27}},"loc":{"start":{"line":1,"column":68},"end":{"line":10,"column":1}}}},"branchMap":{"0":{"loc":{"start":{"line":2,"column":2},"end":{"line":9,"column":null}},"type":"if","locations":[{"start":{"line":2,"column":2},"end":{"line":9,"column":null}},{"start":{"line":4,"column":9},"end":{"line":9,"column":null}}]},"1":{"loc":{"start":{"line":4,"column":9},"end":{"line":9,"column":null}},"type":"if","locations":[{"start":{"line":4,"column":9},"end":{"line":9,"column":null}},{"start":{"line":6,"column":9},"end":{"line":9,"column":null}}]},"2":{"loc":{"start":{"line":4,"column":13},"end":{"line":4,"column":48}},"type":"binary-expr","locations":[{"start":{"line":4,"column":13},"end":{"line":4,"column":26}},{"start":{"line":4,"column":30},"end":{"line":4,"column":48}}]}},"s":{"0":5,"1":1,"2":4,"3":2,"4":2,"5":2,"6":1},"f":{"0":5},"b":{"0":[1,4],"1":[2,2],"2":[4,2]}}
,"/home/ominouzzzz/Documents/projects/tasks/src/recursion/stringify.ts": {"path":"/home/ominouzzzz/Documents/projects/tasks/src/recursion/stringify.ts","statementMap":{"0":{"start":{"line":1,"column":0},"end":{"line":1,"column":13}},"1":{"start":{"line":5,"column":28},"end":{"line":5,"column":null}},"2":{"start":{"line":6,"column":4},"end":{"line":6,"column":null}},"3":{"start":{"line":7,"column":4},"end":{"line":7,"column":null}},"4":{"start":{"line":9,"column":0},"end":{"line":9,"column":null}},"5":{"start":{"line":1,"column":13},"end":{"line":1,"column":19}},"6":{"start":{"line":12,"column":25},"end":{"line":12,"column":91}},"7":{"start":{"line":13,"column":2},"end":{"line":13,"column":null}},"8":{"start":{"line":11,"column":0},"end":{"line":11,"column":16}}},"fnMap":{"0":{"name":"(anonymous_0)","decl":{"start":{"line":1,"column":0},"end":{"line":1,"column":13}},"loc":{"start":{"line":1,"column":0},"end":{"line":9,"column":null}}},"1":{"name":"MyNode","decl":{"start":{"line":5,"column":2},"end":{"line":5,"column":14}},"loc":{"start":{"line":5,"column":47},"end":{"line":8,"column":3}}},"2":{"name":"stringify","decl":{"start":{"line":11,"column":16},"end":{"line":11,"column":25}},"loc":{"start":{"line":11,"column":38},"end":{"line":14,"column":1}}}},"branchMap":{"0":{"loc":{"start":{"line":5,"column":28},"end":{"line":5,"column":null}},"type":"if","locations":[{"start":{"line":5,"column":28},"end":{"line":5,"column":null}}]},"1":{"loc":{"start":{"line":12,"column":25},"end":{"line":12,"column":91}},"type":"cond-expr","locations":[{"start":{"line":12,"column":41},"end":{"line":12,"column":47}},{"start":{"line":12,"column":53},"end":{"line":12,"column":91}}]}},"s":{"0":1,"1":6,"2":5,"3":5,"4":1,"5":1,"6":7,"7":7,"8":1},"f":{"0":1,"1":5,"2":7},"b":{"0":[1],"1":[2,5]}}
,"/home/ominouzzzz/Documents/projects/tasks/src/sorting/arrayOfObjectSorting.ts": {"path":"/home/ominouzzzz/Documents/projects/tasks/src/sorting/arrayOfObjectSorting.ts","statementMap":{"0":{"start":{"line":2,"column":18},"end":{"line":2,"column":66}},"1":{"start":{"line":2,"column":39},"end":{"line":2,"column":66}},"2":{"start":{"line":3,"column":20},"end":{"line":3,"column":65}},"3":{"start":{"line":3,"column":39},"end":{"line":3,"column":65}},"4":{"start":{"line":4,"column":2},"end":{"line":4,"column":null}},"5":{"start":{"line":4,"column":32},"end":{"line":4,"column":54}},"6":{"start":{"line":1,"column":0},"end":{"line":1,"column":16}}},"fnMap":{"0":{"name":"arrayOfObjectSorting","decl":{"start":{"line":1,"column":16},"end":{"line":1,"column":36}},"loc":{"start":{"line":1,"column":68},"end":{"line":5,"column":1}}},"1":{"name":"(anonymous_1)","decl":{"start":{"line":2,"column":30},"end":{"line":2,"column":31}},"loc":{"start":{"line":2,"column":34},"end":{"line":2,"column":42}}},"2":{"name":"(anonymous_2)","decl":{"start":{"line":3,"column":32},"end":{"line":3,"column":33}},"loc":{"start":{"line":3,"column":34},"end":{"line":3,"column":46}}},"3":{"name":"(anonymous_3)","decl":{"start":{"line":4,"column":22},"end":{"line":4,"column":23}},"loc":{"start":{"line":4,"column":27},"end":{"line":4,"column":33}}}},"branchMap":{},"s":{"0":2,"1":8,"2":2,"3":8,"4":2,"5":8,"6":1},"f":{"0":2,"1":8,"2":8,"3":8},"b":{}}
,"/home/ominouzzzz/Documents/projects/tasks/src/string_functions/alphabetized.ts": {"path":"/home/ominouzzzz/Documents/projects/tasks/src/string_functions/alphabetized.ts","statementMap":{"0":{"start":{"line":2,"column":2},"end":{"line":14,"column":null}},"1":{"start":{"line":7,"column":8},"end":{"line":9,"column":null}},"2":{"start":{"line":8,"column":39},"end":{"line":8,"column":74}},"3":{"start":{"line":12,"column":16},"end":{"line":12,"column":27}},"4":{"start":{"line":13,"column":20},"end":{"line":13,"column":70}},"5":{"start":{"line":1,"column":0},"end":{"line":1,"column":16}}},"fnMap":{"0":{"name":"alphabetized","decl":{"start":{"line":1,"column":16},"end":{"line":1,"column":28}},"loc":{"start":{"line":1,"column":41},"end":{"line":15,"column":1}}},"1":{"name":"(anonymous_3)","decl":{"start":{"line":6,"column":6},"end":{"line":6,"column":7}},"loc":{"start":{"line":6,"column":21},"end":{"line":7,"column":9}}},"2":{"name":"(anonymous_4)","decl":{"start":{"line":8,"column":32},"end":{"line":8,"column":33}},"loc":{"start":{"line":8,"column":34},"end":{"line":8,"column":40}}},"3":{"name":"(anonymous_5)","decl":{"start":{"line":12,"column":9},"end":{"line":12,"column":10}},"loc":{"start":{"line":12,"column":11},"end":{"line":12,"column":17}}},"4":{"name":"(anonymous_6)","decl":{"start":{"line":13,"column":10},"end":{"line":13,"column":11}},"loc":{"start":{"line":13,"column":15},"end":{"line":13,"column":21}}}},"branchMap":{"0":{"loc":{"start":{"line":7,"column":8},"end":{"line":9,"column":15}},"type":"cond-expr","locations":[{"start":{"line":8,"column":11},"end":{"line":8,"column":null}},{"start":{"line":9,"column":12},"end":{"line":9,"column":15}}]}},"s":{"0":1,"1":12,"2":96,"3":8,"4":15,"5":1},"f":{"0":1,"1":12,"2":96,"3":8,"4":15},"b":{"0":[8,4]}}
,"/home/ominouzzzz/Documents/projects/tasks/src/string_functions/countDuplicates.ts": {"path":"/home/ominouzzzz/Documents/projects/tasks/src/string_functions/countDuplicates.ts","statementMap":{"0":{"start":{"line":2,"column":2},"end":{"line":9,"column":null}},"1":{"start":{"line":1,"column":0},"end":{"line":1,"column":16}}},"fnMap":{"0":{"name":"countDuplicates","decl":{"start":{"line":1,"column":16},"end":{"line":1,"column":31}},"loc":{"start":{"line":1,"column":44},"end":{"line":10,"column":1}}}},"branchMap":{"0":{"loc":{"start":{"line":3,"column":4},"end":{"line":8,"column":31}},"type":"binary-expr","locations":[{"start":{"line":3,"column":4},"end":{"line":8,"column":25}},{"start":{"line":8,"column":29},"end":{"line":8,"column":31}}]}},"s":{"0":2,"1":1},"f":{"0":2},"b":{"0":[2,1]}}
,"/home/ominouzzzz/Documents/projects/tasks/src/string_functions/romanToNumber.ts": {"path":"/home/ominouzzzz/Documents/projects/tasks/src/string_functions/romanToNumber.ts","statementMap":{"0":{"start":{"line":2,"column":14},"end":{"line":10,"column":null}},"1":{"start":{"line":11,"column":18},"end":{"line":11,"column":60}},"2":{"start":{"line":11,"column":52},"end":{"line":11,"column":60}},"3":{"start":{"line":12,"column":2},"end":{"line":15,"column":null}},"4":{"start":{"line":13,"column":4},"end":{"line":13,"column":null}},"5":{"start":{"line":13,"column":24},"end":{"line":13,"column":null}},"6":{"start":{"line":14,"column":4},"end":{"line":14,"column":null}},"7":{"start":{"line":1,"column":0},"end":{"line":1,"column":16}}},"fnMap":{"0":{"name":"toArabic","decl":{"start":{"line":1,"column":16},"end":{"line":1,"column":24}},"loc":{"start":{"line":1,"column":44},"end":{"line":16,"column":1}}},"1":{"name":"(anonymous_1)","decl":{"start":{"line":11,"column":44},"end":{"line":11,"column":45}},"loc":{"start":{"line":11,"column":47},"end":{"line":11,"column":55}}},"2":{"name":"(anonymous_2)","decl":{"start":{"line":12,"column":24},"end":{"line":12,"column":25}},"loc":{"start":{"line":12,"column":78},"end":{"line":15,"column":3}}}},"branchMap":{"0":{"loc":{"start":{"line":13,"column":4},"end":{"line":13,"column":null}},"type":"if","locations":[{"start":{"line":13,"column":4},"end":{"line":13,"column":null}}]}},"s":{"0":2,"1":2,"2":5,"3":2,"4":5,"5":1,"6":4,"7":1},"f":{"0":2,"1":5,"2":5},"b":{"0":[1]}}
,"/home/ominouzzzz/Documents/projects/tasks/src/string_functions/toMachineName.ts": {"path":"/home/ominouzzzz/Documents/projects/tasks/src/string_functions/toMachineName.ts","statementMap":{"0":{"start":{"line":2,"column":12},"end":{"line":2,"column":55}},"1":{"start":{"line":3,"column":2},"end":{"line":7,"column":null}},"2":{"start":{"line":5,"column":22},"end":{"line":5,"column":27}},"3":{"start":{"line":1,"column":0},"end":{"line":1,"column":16}}},"fnMap":{"0":{"name":"toMachineName","decl":{"start":{"line":1,"column":16},"end":{"line":1,"column":29}},"loc":{"start":{"line":1,"column":61},"end":{"line":8,"column":1}}},"1":{"name":"(anonymous_1)","decl":{"start":{"line":5,"column":12},"end":{"line":5,"column":13}},"loc":{"start":{"line":5,"column":17},"end":{"line":5,"column":26}}}},"branchMap":{},"s":{"0":2,"1":2,"2":25,"3":1},"f":{"0":2,"1":25},"b":{}}
}
