{"/home/ominouzzzz/Documents/projects/tasks/src/array_functions/biggest.ts": {"path":"/home/ominouzzzz/Documents/projects/tasks/src/array_functions/biggest.ts","statementMap":{"0":{"start":{"line":2,"column":2},"end":{"line":8,"column":null}},"1":{"start":{"line":4,"column":20},"end":{"line":4,"column":35}},"2":{"start":{"line":5,"column":32},"end":{"line":5,"column":48}},"3":{"start":{"line":1,"column":0},"end":{"line":1,"column":16}}},"fnMap":{"0":{"name":"biggest","decl":{"start":{"line":1,"column":16},"end":{"line":1,"column":23}},"loc":{"start":{"line":1,"column":43},"end":{"line":9,"column":1}}},"1":{"name":"(anonymous_1)","decl":{"start":{"line":4,"column":11},"end":{"line":4,"column":12}},"loc":{"start":{"line":4,"column":15},"end":{"line":4,"column":23}}},"2":{"name":"(anonymous_2)","decl":{"start":{"line":5,"column":12},"end":{"line":5,"column":13}},"loc":{"start":{"line":5,"column":27},"end":{"line":5,"column":33}}}},"branchMap":{"0":{"loc":{"start":{"line":3,"column":4},"end":{"line":7,"column":32}},"type":"binary-expr","locations":[{"start":{"line":3,"column":4},"end":{"line":7,"column":25}},{"start":{"line":7,"column":29},"end":{"line":7,"column":32}}]}},"s":{"0":2,"1":5,"2":9,"3":1},"f":{"0":2,"1":5,"2":9},"b":{"0":[2,1]}}
,"/home/ominouzzzz/Documents/projects/tasks/src/classes_and_patterns/Singleton.ts": {"path":"/home/ominouzzzz/Documents/projects/tasks/src/classes_and_patterns/Singleton.ts","statementMap":{"0":{"start":{"line":1,"column":0},"end":{"line":1,"column":13}},"1":{"start":{"line":5,"column":16},"end":{"line":10,"column":null}},"2":{"start":{"line":6,"column":4},"end":{"line":8,"column":null}},"3":{"start":{"line":7,"column":6},"end":{"line":7,"column":43}},"4":{"start":{"line":9,"column":4},"end":{"line":9,"column":30}},"5":{"start":{"line":11,"column":0},"end":{"line":11,"column":null}},"6":{"start":{"line":1,"column":13},"end":{"line":1,"column":22}}},"fnMap":{"0":{"name":"(anonymous_0)","decl":{"start":{"line":1,"column":0},"end":{"line":1,"column":13}},"loc":{"start":{"line":1,"column":0},"end":{"line":11,"column":null}}},"1":{"name":"Singleton","decl":{"start":{"line":3,"column":2},"end":{"line":3,"column":25}},"loc":{"start":{"line":3,"column":2},"end":{"line":3,"column":26}}},"2":{"name":"(anonymous_2)","decl":{"start":{"line":5,"column":2},"end":{"line":5,"column":16}},"loc":{"start":{"line":5,"column":2},"end":{"line":10,"column":3}}}},"branchMap":{"0":{"loc":{"start":{"line":6,"column":4},"end":{"line":8,"column":null}},"type":"if","locations":[{"start":{"line":6,"column":4},"end":{"line":8,"column":null}}]}},"s":{"0":1,"1":1,"2":3,"3":1,"4":3,"5":1,"6":1},"f":{"0":1,"1":1,"2":3},"b":{"0":[1]}}
,"/home/ominouzzzz/Documents/projects/tasks/src/recursion/stringify.ts": {"path":"/home/ominouzzzz/Documents/projects/tasks/src/recursion/stringify.ts","statementMap":{"0":{"start":{"line":1,"column":0},"end":{"line":1,"column":13}},"1":{"start":{"line":5,"column":28},"end":{"line":5,"column":null}},"2":{"start":{"line":6,"column":4},"end":{"line":6,"column":null}},"3":{"start":{"line":7,"column":4},"end":{"line":7,"column":null}},"4":{"start":{"line":9,"column":0},"end":{"line":9,"column":null}},"5":{"start":{"line":1,"column":13},"end":{"line":1,"column":19}},"6":{"start":{"line":12,"column":25},"end":{"line":12,"column":91}},"7":{"start":{"line":13,"column":2},"end":{"line":13,"column":null}},"8":{"start":{"line":11,"column":0},"end":{"line":11,"column":16}}},"fnMap":{"0":{"name":"(anonymous_0)","decl":{"start":{"line":1,"column":0},"end":{"line":1,"column":13}},"loc":{"start":{"line":1,"column":0},"end":{"line":9,"column":null}}},"1":{"name":"MyNode","decl":{"start":{"line":5,"column":2},"end":{"line":5,"column":14}},"loc":{"start":{"line":5,"column":47},"end":{"line":8,"column":3}}},"2":{"name":"stringify","decl":{"start":{"line":11,"column":16},"end":{"line":11,"column":25}},"loc":{"start":{"line":11,"column":38},"end":{"line":14,"column":1}}}},"branchMap":{"0":{"loc":{"start":{"line":5,"column":28},"end":{"line":5,"column":null}},"type":"if","locations":[{"start":{"line":5,"column":28},"end":{"line":5,"column":null}}]},"1":{"loc":{"start":{"line":12,"column":25},"end":{"line":12,"column":91}},"type":"cond-expr","locations":[{"start":{"line":12,"column":41},"end":{"line":12,"column":47}},{"start":{"line":12,"column":53},"end":{"line":12,"column":91}}]}},"s":{"0":1,"1":6,"2":5,"3":5,"4":1,"5":1,"6":7,"7":7,"8":1},"f":{"0":1,"1":5,"2":7},"b":{"0":[1],"1":[2,5]}}
,"/home/ominouzzzz/Documents/projects/tasks/src/string_functions/toMachineName.ts": {"path":"/home/ominouzzzz/Documents/projects/tasks/src/string_functions/toMachineName.ts","statementMap":{"0":{"start":{"line":2,"column":12},"end":{"line":2,"column":55}},"1":{"start":{"line":3,"column":2},"end":{"line":7,"column":null}},"2":{"start":{"line":5,"column":22},"end":{"line":5,"column":27}},"3":{"start":{"line":1,"column":0},"end":{"line":1,"column":16}}},"fnMap":{"0":{"name":"toMachineName","decl":{"start":{"line":1,"column":16},"end":{"line":1,"column":29}},"loc":{"start":{"line":1,"column":61},"end":{"line":8,"column":1}}},"1":{"name":"(anonymous_1)","decl":{"start":{"line":5,"column":12},"end":{"line":5,"column":13}},"loc":{"start":{"line":5,"column":17},"end":{"line":5,"column":26}}}},"branchMap":{},"s":{"0":2,"1":2,"2":25,"3":1},"f":{"0":2,"1":25},"b":{}}
}
