TN:
SF:src/array_functions/biggest.ts
FN:1,biggest
FN:4,(anonymous_1)
FN:5,(anonymous_2)
FNF:3
FNH:3
FNDA:2,biggest
FNDA:5,(anonymous_1)
FNDA:9,(anonymous_2)
DA:1,1
DA:2,2
DA:4,5
DA:5,9
LF:4
LH:4
BRDA:3,0,0,2
BRDA:3,0,1,1
BRF:2
BRH:2
end_of_record
TN:
SF:src/classes_and_patterns/Singleton.ts
FN:1,(anonymous_0)
FN:3,Singleton
FN:5,(anonymous_2)
FNF:3
FNH:3
FNDA:1,(anonymous_0)
FNDA:1,Singleton
FNDA:3,(anonymous_2)
DA:1,1
DA:5,1
DA:6,3
DA:7,1
DA:9,3
DA:11,1
LF:6
LH:6
BRDA:6,0,0,1
BRF:1
BRH:1
end_of_record
TN:
SF:src/recursion/stringify.ts
FN:1,(anonymous_0)
FN:5,MyNode
FN:11,stringify
FNF:3
FNH:3
FNDA:1,(anonymous_0)
FNDA:5,MyNode
FNDA:7,stringify
DA:1,1
DA:5,6
DA:6,5
DA:7,5
DA:9,1
DA:11,1
DA:12,7
DA:13,7
LF:8
LH:8
BRDA:5,0,0,1
BRDA:12,1,0,2
BRDA:12,1,1,5
BRF:3
BRH:3
end_of_record
TN:
SF:src/string_functions/toMachineName.ts
FN:1,toMachineName
FN:5,(anonymous_1)
FNF:2
FNH:2
FNDA:2,toMachineName
FNDA:25,(anonymous_1)
DA:1,1
DA:2,2
DA:3,2
DA:5,25
LF:4
LH:4
BRF:0
BRH:0
end_of_record
