TN:
SF:src/algorithms_and_functional_programming/add.ts
FN:1,add
FN:2,(anonymous_1)
FNF:2
FNH:2
FNDA:1,add
FNDA:1,(anonymous_1)
DA:1,1
DA:2,1
DA:3,1
LF:3
LH:3
BRF:0
BRH:0
end_of_record
TN:
SF:src/algorithms_and_functional_programming/compose.ts
FN:1,(anonymous_0)
FN:2,(anonymous_1)
FN:2,(anonymous_2)
FNF:3
FNH:3
FNDA:1,(anonymous_0)
FNDA:2,(anonymous_1)
FNDA:2,(anonymous_2)
DA:1,5
DA:2,2
LF:2
LH:2
BRF:0
BRH:0
end_of_record
TN:
SF:src/algorithms_and_functional_programming/flattenAndSort.ts
FN:4,flattenAndSort
FNF:1
FNH:1
FNDA:1,flattenAndSort
DA:4,1
DA:5,1
LF:2
LH:2
BRF:0
BRH:0
end_of_record
TN:
SF:src/algorithms_and_functional_programming/multiplyAll.ts
FN:1,multiplyAll
FN:2,(anonymous_1)
FN:3,(anonymous_2)
FNF:3
FNH:3
FNDA:1,multiplyAll
FNDA:1,(anonymous_1)
FNDA:6,(anonymous_2)
DA:1,1
DA:2,1
DA:3,1
DA:4,6
LF:4
LH:4
BRF:0
BRH:0
end_of_record
TN:
SF:src/algorithms_and_functional_programming/reduce.ts
FN:1,reduce
FN:7,(anonymous_1)
FNF:2
FNH:2
FNDA:2,reduce
FNDA:7,(anonymous_1)
DA:1,1
DA:6,2
DA:7,2
DA:8,7
DA:10,2
LF:5
LH:5
BRF:0
BRH:0
end_of_record
TN:
SF:src/algorithms_and_functional_programming/uniqueSum.ts
FN:1,uniqueSum
FN:3,(anonymous_3)
FNF:2
FNH:2
FNDA:1,uniqueSum
FNDA:4,(anonymous_3)
DA:1,1
DA:2,1
DA:3,1
DA:4,4
LF:4
LH:4
BRF:0
BRH:0
end_of_record
TN:
SF:src/array_functions/arithmeticSequenceSum.ts
FN:1,arithmeticSequenceSum
FN:4,(anonymous_1)
FNF:2
FNH:2
FNDA:1,arithmeticSequenceSum
FNDA:4,(anonymous_1)
DA:1,1
DA:2,1
DA:4,4
LF:3
LH:3
BRF:0
BRH:0
end_of_record
TN:
SF:src/array_functions/biggest.ts
FN:1,biggest
FN:4,(anonymous_1)
FN:5,(anonymous_2)
FNF:3
FNH:3
FNDA:3,biggest
FNDA:13,(anonymous_1)
FNDA:19,(anonymous_2)
DA:1,1
DA:2,3
DA:4,13
DA:5,19
LF:4
LH:4
BRDA:3,0,0,3
BRDA:3,0,1,0
BRF:2
BRH:1
end_of_record
TN:
SF:src/array_functions/maxTripletSum.ts
FN:1,maxTripletSum
FN:4,(anonymous_3)
FN:6,(anonymous_4)
FNF:3
FNH:3
FNDA:1,maxTripletSum
FNDA:19,(anonymous_3)
FNDA:2,(anonymous_4)
DA:1,1
DA:2,1
DA:3,1
DA:4,19
DA:6,2
LF:5
LH:5
BRF:0
BRH:0
end_of_record
TN:
SF:src/array_functions/patternAmount.ts
FN:1,patternAmount
FN:2,(anonymous_1)
FN:3,(anonymous_2)
FNF:3
FNH:3
FNDA:1,patternAmount
FNDA:4,(anonymous_1)
FNDA:16,(anonymous_2)
DA:1,1
DA:2,1
DA:3,16
LF:3
LH:3
BRF:0
BRH:0
end_of_record
TN:
SF:src/array_functions/sumAverage.ts
FN:1,sumAverage
FN:3,(anonymous_1)
FN:4,(anonymous_2)
FN:6,(anonymous_3)
FNF:4
FNH:4
FNDA:1,sumAverage
FNDA:3,(anonymous_1)
FNDA:7,(anonymous_2)
FNDA:2,(anonymous_3)
DA:1,1
DA:2,1
DA:4,7
DA:6,2
DA:7,1
LF:5
LH:5
BRF:0
BRH:0
end_of_record
TN:
SF:src/higher_order_functions/spread.ts
FN:1,spread
FNF:1
FNH:1
FNDA:1,spread
DA:1,1
DA:2,1
LF:2
LH:2
BRF:0
BRH:0
end_of_record
TN:
SF:src/higher_order_functions/zipWith.ts
FN:1,(anonymous_0)
FN:5,(anonymous_1)
FNF:2
FNH:2
FNDA:1,(anonymous_0)
FNDA:4,(anonymous_1)
DA:1,1
DA:5,4
LF:2
LH:2
BRF:0
BRH:0
end_of_record
TN:
SF:src/recursion/sequenceSum.ts
FN:1,sequenceSum
FNF:1
FNH:1
FNDA:5,sequenceSum
DA:1,1
DA:2,5
DA:3,1
DA:4,4
DA:5,2
DA:7,2
DA:8,2
LF:7
LH:7
BRDA:2,0,0,1
BRDA:2,0,1,4
BRDA:4,1,0,2
BRDA:4,1,1,2
BRDA:4,2,0,4
BRDA:4,2,1,2
BRF:6
BRH:6
end_of_record
TN:
SF:src/sorting/arrayOfObjectSorting.ts
FN:1,arrayOfObjectSorting
FN:2,(anonymous_1)
FN:3,(anonymous_2)
FN:4,(anonymous_3)
FNF:4
FNH:4
FNDA:2,arrayOfObjectSorting
FNDA:8,(anonymous_1)
FNDA:8,(anonymous_2)
FNDA:8,(anonymous_3)
DA:1,1
DA:2,8
DA:3,8
DA:4,8
LF:4
LH:4
BRF:0
BRH:0
end_of_record
TN:
SF:src/string_functions/alphabetized.ts
FN:1,alphabetized
FN:6,(anonymous_3)
FN:8,(anonymous_4)
FN:12,(anonymous_5)
FN:13,(anonymous_6)
FNF:5
FNH:5
FNDA:1,alphabetized
FNDA:12,(anonymous_3)
FNDA:96,(anonymous_4)
FNDA:8,(anonymous_5)
FNDA:15,(anonymous_6)
DA:1,1
DA:2,1
DA:7,12
DA:8,96
DA:12,8
DA:13,15
LF:6
LH:6
BRDA:7,0,0,8
BRDA:7,0,1,4
BRF:2
BRH:2
end_of_record
TN:
SF:src/string_functions/countDuplicates.ts
FN:1,countDuplicates
FNF:1
FNH:1
FNDA:2,countDuplicates
DA:1,1
DA:2,2
LF:2
LH:2
BRDA:3,0,0,2
BRDA:3,0,1,1
BRF:2
BRH:2
end_of_record
TN:
SF:src/string_functions/romanToNumber.ts
FN:1,toArabic
FN:11,(anonymous_1)
FN:12,(anonymous_2)
FNF:3
FNH:3
FNDA:2,toArabic
FNDA:5,(anonymous_1)
FNDA:5,(anonymous_2)
DA:1,1
DA:2,2
DA:11,5
DA:12,2
DA:13,5
DA:14,4
LF:6
LH:6
BRDA:13,0,0,1
BRF:1
BRH:1
end_of_record
TN:
SF:src/string_functions/toMachineName.ts
FN:1,toMachineName
FN:5,(anonymous_1)
FNF:2
FNH:2
FNDA:2,toMachineName
FNDA:25,(anonymous_1)
DA:1,1
DA:2,2
DA:3,2
DA:5,25
LF:4
LH:4
BRF:0
BRH:0
end_of_record
